<?xml version="1.0" encoding="UTF-8"?>
<!-- Generated by org.testng.reporters.JUnitReportReporter -->
<testsuite hostname="IN-PG02P68M" failures="0" tests="1" name="com.redbus.test.RedBusHelpTest" time="14.237" errors="0" timestamp="2024-04-21T18:55:34 IST" skipped="0">
  <testcase classname="com.redbus.test.RedBusHelpTest" name="verifyTechnicalHelp" time="14.237"/>
  <system-out/>
</testsuite> <!-- com.redbus.test.RedBusHelpTest -->
