<?xml version="1.0" encoding="UTF-8"?>
<!-- Generated by org.testng.reporters.JUnitReportReporter -->
<testsuite hostname="IN-PG02P68M" failures="0" tests="1" name="com.operationsconsole.test.ToS2ATest" time="0.000" errors="0" timestamp="2024-03-22T16:55:11 IST" skipped="1">
  <testcase classname="com.operationsconsole.test.ToS2ATest" name="s2ATest" time="0.000">
    <skipped/>
  </testcase> <!-- s2ATest -->
  <system-out/>
</testsuite> <!-- com.operationsconsole.test.ToS2ATest -->
