<?xml version="1.0" encoding="UTF-8"?>
<!-- Generated by org.testng.reporters.JUnitReportReporter -->
<testsuite hostname="IN-PG02P68M" failures="0" tests="1" name="com.operationsconsole.test.ConnectWebLoginTest" time="22.651" errors="0" timestamp="2024-03-26T18:20:51 IST" skipped="0">
  <testcase classname="com.operationsconsole.test.ConnectWebLoginTest" name="loginTest" time="22.651"/>
  <system-out/>
</testsuite> <!-- com.operationsconsole.test.ConnectWebLoginTest -->
