<?xml version="1.0" encoding="UTF-8"?>
<!-- Generated by org.testng.reporters.JUnitReportReporter -->
<testsuite hostname="IN-PG02P68M" failures="0" tests="4" name="com.redbus.test.RedBusSearchBusTest" time="67.064" errors="0" timestamp="2024-04-21T18:55:34 IST" skipped="0">
  <testcase classname="com.redbus.test.RedBusSearchBusTest" name="invalidSearch" time="14.238"/>
  <system-out/>
  <testcase classname="com.redbus.test.RedBusSearchBusTest" name="invalidSearch" time="15.096"/>
  <system-out/>
  <testcase classname="com.redbus.test.RedBusSearchBusTest" name="validSearch" time="20.097"/>
  <system-out/>
  <testcase classname="com.redbus.test.RedBusSearchBusTest" name="validSearch" time="17.633"/>
  <system-out/>
</testsuite> <!-- com.redbus.test.RedBusSearchBusTest -->
