<?xml version="1.0" encoding="UTF-8"?>
<!-- Generated by org.testng.reporters.JUnitReportReporter -->
<testsuite hostname="IN-PG02P68M" failures="0" tests="1" name="com.operationsconsole.test.OperationsConsoleLoginTest" time="18.655" errors="0" timestamp="2024-03-22T17:12:25 IST" skipped="0">
  <testcase classname="com.operationsconsole.test.OperationsConsoleLoginTest" name="loginTest" time="18.655"/>
  <system-out/>
</testsuite> <!-- com.operationsconsole.test.OperationsConsoleLoginTest -->
